Created by PLY version 3.11 (http://www.dabeaz.com/ply)

Grammar

Rule 0     S' -> expression
Rule 1     expression -> target
Rule 2     expression -> expression OR expression
Rule 3     expression -> expression AND expression
Rule 4     expression -> LPAREN expression AND expression RPAREN
Rule 5     expression -> LPAREN expression OR expression RPAREN
Rule 6     expression -> target SWITH STRING
Rule 7     expression -> target MUTATOR SWITH STRING
Rule 8     expression -> target MUTATOR MUTATOR SWITH STRING
Rule 9     expression -> target MUTATOR MUTATOR MUTATOR SWITH STRING
Rule 10    expression -> target MUTATOR MUTATOR MUTATOR MUTATOR SWITH STRING
Rule 11    expression -> target MUTATOR MUTATOR MUTATOR MUTATOR MUTATOR SWITH STRING
Rule 12    expression -> target EWITH STRING
Rule 13    expression -> target MUTATOR EWITH STRING
Rule 14    expression -> target MUTATOR MUTATOR EWITH STRING
Rule 15    expression -> target MUTATOR MUTATOR MUTATOR EWITH STRING
Rule 16    expression -> target MUTATOR MUTATOR MUTATOR MUTATOR EWITH STRING
Rule 17    expression -> target MUTATOR MUTATOR MUTATOR MUTATOR MUTATOR EWITH STRING
Rule 18    expression -> target EQUALS STRING
Rule 19    expression -> target MUTATOR EQUALS STRING
Rule 20    expression -> target MUTATOR MUTATOR EQUALS STRING
Rule 21    expression -> target MUTATOR MUTATOR MUTATOR EQUALS STRING
Rule 22    expression -> target MUTATOR MUTATOR MUTATOR MUTATOR EQUALS STRING
Rule 23    expression -> target MUTATOR MUTATOR MUTATOR MUTATOR MUTATOR EQUALS STRING
Rule 24    expression -> target EQUALS NUMBER
Rule 25    expression -> target CONTAINS STRING
Rule 26    expression -> target MUTATOR CONTAINS STRING
Rule 27    expression -> target MUTATOR MUTATOR CONTAINS STRING
Rule 28    expression -> target MUTATOR MUTATOR MUTATOR CONTAINS STRING
Rule 29    expression -> target MUTATOR MUTATOR MUTATOR MUTATOR CONTAINS STRING
Rule 30    expression -> target MUTATOR MUTATOR MUTATOR MUTATOR MUTATOR CONTAINS STRING
Rule 31    expression -> target IN ARRAY
Rule 32    expression -> target GT NUMBER
Rule 33    expression -> target GTE NUMBER
Rule 34    expression -> target LT NUMBER
Rule 35    expression -> target LTE NUMBER
Rule 36    expression -> target MUTATOR GT NUMBER
Rule 37    expression -> target MUTATOR GTE NUMBER
Rule 38    expression -> target MUTATOR LT NUMBER
Rule 39    expression -> target MUTATOR LTE NUMBER
Rule 40    expression -> target GT FLOAT
Rule 41    expression -> target GTE FLOAT
Rule 42    expression -> target LT FLOAT
Rule 43    expression -> target LTE FLOAT
Rule 44    expression -> target MUTATOR GT FLOAT
Rule 45    expression -> target MUTATOR GTE FLOAT
Rule 46    expression -> target MUTATOR LT FLOAT
Rule 47    expression -> target MUTATOR LTE FLOAT
Rule 48    expression -> target CIDR STRING
Rule 49    expression -> target EXISTS
Rule 50    expression -> target REGEXP STRING
Rule 51    expression -> target IS BOOL
Rule 52    expression -> target BETWEEN STRING

Terminals, with rules where they appear

AND                  : 3 4
ARRAY                : 31
BETWEEN              : 52
BOOL                 : 51
CIDR                 : 48
CONTAINS             : 25 26 27 28 29 30
EQUALS               : 18 19 20 21 22 23 24
EWITH                : 12 13 14 15 16 17
EXISTS               : 49
FLOAT                : 40 41 42 43 44 45 46 47
GT                   : 32 36 40 44
GTE                  : 33 37 41 45
IN                   : 31
IS                   : 51
LPAREN               : 4 5
LT                   : 34 38 42 46
LTE                  : 35 39 43 47
MUTATOR              : 7 8 8 9 9 9 10 10 10 10 11 11 11 11 11 13 14 14 15 15 15 16 16 16 16 17 17 17 17 17 19 20 20 21 21 21 22 22 22 22 23 23 23 23 23 26 27 27 28 28 28 29 29 29 29 30 30 30 30 30 36 37 38 39 44 45 46 47
NUMBER               : 24 32 33 34 35 36 37 38 39
OR                   : 2 5
REGEXP               : 50
RPAREN               : 4 5
STRING               : 6 7 8 9 10 11 12 13 14 15 16 17 18 19 20 21 22 23 25 26 27 28 29 30 48 50 52
SWITH                : 6 7 8 9 10 11
error                : 
target               : 1 6 7 8 9 10 11 12 13 14 15 16 17 18 19 20 21 22 23 24 25 26 27 28 29 30 31 32 33 34 35 36 37 38 39 40 41 42 43 44 45 46 47 48 49 50 51 52

Nonterminals, with rules where they appear

expression           : 2 2 3 3 4 4 5 5 0

Parsing method: LALR

state 0

    (0) S' -> . expression
    (1) expression -> . target
    (2) expression -> . expression OR expression
    (3) expression -> . expression AND expression
    (4) expression -> . LPAREN expression AND expression RPAREN
    (5) expression -> . LPAREN expression OR expression RPAREN
    (6) expression -> . target SWITH STRING
    (7) expression -> . target MUTATOR SWITH STRING
    (8) expression -> . target MUTATOR MUTATOR SWITH STRING
    (9) expression -> . target MUTATOR MUTATOR MUTATOR SWITH STRING
    (10) expression -> . target MUTATOR MUTATOR MUTATOR MUTATOR SWITH STRING
    (11) expression -> . target MUTATOR MUTATOR MUTATOR MUTATOR MUTATOR SWITH STRING
    (12) expression -> . target EWITH STRING
    (13) expression -> . target MUTATOR EWITH STRING
    (14) expression -> . target MUTATOR MUTATOR EWITH STRING
    (15) expression -> . target MUTATOR MUTATOR MUTATOR EWITH STRING
    (16) expression -> . target MUTATOR MUTATOR MUTATOR MUTATOR EWITH STRING
    (17) expression -> . target MUTATOR MUTATOR MUTATOR MUTATOR MUTATOR EWITH STRING
    (18) expression -> . target EQUALS STRING
    (19) expression -> . target MUTATOR EQUALS STRING
    (20) expression -> . target MUTATOR MUTATOR EQUALS STRING
    (21) expression -> . target MUTATOR MUTATOR MUTATOR EQUALS STRING
    (22) expression -> . target MUTATOR MUTATOR MUTATOR MUTATOR EQUALS STRING
    (23) expression -> . target MUTATOR MUTATOR MUTATOR MUTATOR MUTATOR EQUALS STRING
    (24) expression -> . target EQUALS NUMBER
    (25) expression -> . target CONTAINS STRING
    (26) expression -> . target MUTATOR CONTAINS STRING
    (27) expression -> . target MUTATOR MUTATOR CONTAINS STRING
    (28) expression -> . target MUTATOR MUTATOR MUTATOR CONTAINS STRING
    (29) expression -> . target MUTATOR MUTATOR MUTATOR MUTATOR CONTAINS STRING
    (30) expression -> . target MUTATOR MUTATOR MUTATOR MUTATOR MUTATOR CONTAINS STRING
    (31) expression -> . target IN ARRAY
    (32) expression -> . target GT NUMBER
    (33) expression -> . target GTE NUMBER
    (34) expression -> . target LT NUMBER
    (35) expression -> . target LTE NUMBER
    (36) expression -> . target MUTATOR GT NUMBER
    (37) expression -> . target MUTATOR GTE NUMBER
    (38) expression -> . target MUTATOR LT NUMBER
    (39) expression -> . target MUTATOR LTE NUMBER
    (40) expression -> . target GT FLOAT
    (41) expression -> . target GTE FLOAT
    (42) expression -> . target LT FLOAT
    (43) expression -> . target LTE FLOAT
    (44) expression -> . target MUTATOR GT FLOAT
    (45) expression -> . target MUTATOR GTE FLOAT
    (46) expression -> . target MUTATOR LT FLOAT
    (47) expression -> . target MUTATOR LTE FLOAT
    (48) expression -> . target CIDR STRING
    (49) expression -> . target EXISTS
    (50) expression -> . target REGEXP STRING
    (51) expression -> . target IS BOOL
    (52) expression -> . target BETWEEN STRING

    target          shift and go to state 2
    LPAREN          shift and go to state 3

    expression                     shift and go to state 1

state 1

    (0) S' -> expression .
    (2) expression -> expression . OR expression
    (3) expression -> expression . AND expression

    OR              shift and go to state 4
    AND             shift and go to state 5


state 2

    (1) expression -> target .
    (6) expression -> target . SWITH STRING
    (7) expression -> target . MUTATOR SWITH STRING
    (8) expression -> target . MUTATOR MUTATOR SWITH STRING
    (9) expression -> target . MUTATOR MUTATOR MUTATOR SWITH STRING
    (10) expression -> target . MUTATOR MUTATOR MUTATOR MUTATOR SWITH STRING
    (11) expression -> target . MUTATOR MUTATOR MUTATOR MUTATOR MUTATOR SWITH STRING
    (12) expression -> target . EWITH STRING
    (13) expression -> target . MUTATOR EWITH STRING
    (14) expression -> target . MUTATOR MUTATOR EWITH STRING
    (15) expression -> target . MUTATOR MUTATOR MUTATOR EWITH STRING
    (16) expression -> target . MUTATOR MUTATOR MUTATOR MUTATOR EWITH STRING
    (17) expression -> target . MUTATOR MUTATOR MUTATOR MUTATOR MUTATOR EWITH STRING
    (18) expression -> target . EQUALS STRING
    (19) expression -> target . MUTATOR EQUALS STRING
    (20) expression -> target . MUTATOR MUTATOR EQUALS STRING
    (21) expression -> target . MUTATOR MUTATOR MUTATOR EQUALS STRING
    (22) expression -> target . MUTATOR MUTATOR MUTATOR MUTATOR EQUALS STRING
    (23) expression -> target . MUTATOR MUTATOR MUTATOR MUTATOR MUTATOR EQUALS STRING
    (24) expression -> target . EQUALS NUMBER
    (25) expression -> target . CONTAINS STRING
    (26) expression -> target . MUTATOR CONTAINS STRING
    (27) expression -> target . MUTATOR MUTATOR CONTAINS STRING
    (28) expression -> target . MUTATOR MUTATOR MUTATOR CONTAINS STRING
    (29) expression -> target . MUTATOR MUTATOR MUTATOR MUTATOR CONTAINS STRING
    (30) expression -> target . MUTATOR MUTATOR MUTATOR MUTATOR MUTATOR CONTAINS STRING
    (31) expression -> target . IN ARRAY
    (32) expression -> target . GT NUMBER
    (33) expression -> target . GTE NUMBER
    (34) expression -> target . LT NUMBER
    (35) expression -> target . LTE NUMBER
    (36) expression -> target . MUTATOR GT NUMBER
    (37) expression -> target . MUTATOR GTE NUMBER
    (38) expression -> target . MUTATOR LT NUMBER
    (39) expression -> target . MUTATOR LTE NUMBER
    (40) expression -> target . GT FLOAT
    (41) expression -> target . GTE FLOAT
    (42) expression -> target . LT FLOAT
    (43) expression -> target . LTE FLOAT
    (44) expression -> target . MUTATOR GT FLOAT
    (45) expression -> target . MUTATOR GTE FLOAT
    (46) expression -> target . MUTATOR LT FLOAT
    (47) expression -> target . MUTATOR LTE FLOAT
    (48) expression -> target . CIDR STRING
    (49) expression -> target . EXISTS
    (50) expression -> target . REGEXP STRING
    (51) expression -> target . IS BOOL
    (52) expression -> target . BETWEEN STRING

    OR              reduce using rule 1 (expression -> target .)
    AND             reduce using rule 1 (expression -> target .)
    $end            reduce using rule 1 (expression -> target .)
    RPAREN          reduce using rule 1 (expression -> target .)
    SWITH           shift and go to state 6
    MUTATOR         shift and go to state 7
    EWITH           shift and go to state 8
    EQUALS          shift and go to state 9
    CONTAINS        shift and go to state 10
    IN              shift and go to state 11
    GT              shift and go to state 12
    GTE             shift and go to state 13
    LT              shift and go to state 14
    LTE             shift and go to state 15
    CIDR            shift and go to state 16
    EXISTS          shift and go to state 17
    REGEXP          shift and go to state 18
    IS              shift and go to state 19
    BETWEEN         shift and go to state 20


state 3

    (4) expression -> LPAREN . expression AND expression RPAREN
    (5) expression -> LPAREN . expression OR expression RPAREN
    (1) expression -> . target
    (2) expression -> . expression OR expression
    (3) expression -> . expression AND expression
    (4) expression -> . LPAREN expression AND expression RPAREN
    (5) expression -> . LPAREN expression OR expression RPAREN
    (6) expression -> . target SWITH STRING
    (7) expression -> . target MUTATOR SWITH STRING
    (8) expression -> . target MUTATOR MUTATOR SWITH STRING
    (9) expression -> . target MUTATOR MUTATOR MUTATOR SWITH STRING
    (10) expression -> . target MUTATOR MUTATOR MUTATOR MUTATOR SWITH STRING
    (11) expression -> . target MUTATOR MUTATOR MUTATOR MUTATOR MUTATOR SWITH STRING
    (12) expression -> . target EWITH STRING
    (13) expression -> . target MUTATOR EWITH STRING
    (14) expression -> . target MUTATOR MUTATOR EWITH STRING
    (15) expression -> . target MUTATOR MUTATOR MUTATOR EWITH STRING
    (16) expression -> . target MUTATOR MUTATOR MUTATOR MUTATOR EWITH STRING
    (17) expression -> . target MUTATOR MUTATOR MUTATOR MUTATOR MUTATOR EWITH STRING
    (18) expression -> . target EQUALS STRING
    (19) expression -> . target MUTATOR EQUALS STRING
    (20) expression -> . target MUTATOR MUTATOR EQUALS STRING
    (21) expression -> . target MUTATOR MUTATOR MUTATOR EQUALS STRING
    (22) expression -> . target MUTATOR MUTATOR MUTATOR MUTATOR EQUALS STRING
    (23) expression -> . target MUTATOR MUTATOR MUTATOR MUTATOR MUTATOR EQUALS STRING
    (24) expression -> . target EQUALS NUMBER
    (25) expression -> . target CONTAINS STRING
    (26) expression -> . target MUTATOR CONTAINS STRING
    (27) expression -> . target MUTATOR MUTATOR CONTAINS STRING
    (28) expression -> . target MUTATOR MUTATOR MUTATOR CONTAINS STRING
    (29) expression -> . target MUTATOR MUTATOR MUTATOR MUTATOR CONTAINS STRING
    (30) expression -> . target MUTATOR MUTATOR MUTATOR MUTATOR MUTATOR CONTAINS STRING
    (31) expression -> . target IN ARRAY
    (32) expression -> . target GT NUMBER
    (33) expression -> . target GTE NUMBER
    (34) expression -> . target LT NUMBER
    (35) expression -> . target LTE NUMBER
    (36) expression -> . target MUTATOR GT NUMBER
    (37) expression -> . target MUTATOR GTE NUMBER
    (38) expression -> . target MUTATOR LT NUMBER
    (39) expression -> . target MUTATOR LTE NUMBER
    (40) expression -> . target GT FLOAT
    (41) expression -> . target GTE FLOAT
    (42) expression -> . target LT FLOAT
    (43) expression -> . target LTE FLOAT
    (44) expression -> . target MUTATOR GT FLOAT
    (45) expression -> . target MUTATOR GTE FLOAT
    (46) expression -> . target MUTATOR LT FLOAT
    (47) expression -> . target MUTATOR LTE FLOAT
    (48) expression -> . target CIDR STRING
    (49) expression -> . target EXISTS
    (50) expression -> . target REGEXP STRING
    (51) expression -> . target IS BOOL
    (52) expression -> . target BETWEEN STRING

    target          shift and go to state 2
    LPAREN          shift and go to state 3

    expression                     shift and go to state 21

state 4

    (2) expression -> expression OR . expression
    (1) expression -> . target
    (2) expression -> . expression OR expression
    (3) expression -> . expression AND expression
    (4) expression -> . LPAREN expression AND expression RPAREN
    (5) expression -> . LPAREN expression OR expression RPAREN
    (6) expression -> . target SWITH STRING
    (7) expression -> . target MUTATOR SWITH STRING
    (8) expression -> . target MUTATOR MUTATOR SWITH STRING
    (9) expression -> . target MUTATOR MUTATOR MUTATOR SWITH STRING
    (10) expression -> . target MUTATOR MUTATOR MUTATOR MUTATOR SWITH STRING
    (11) expression -> . target MUTATOR MUTATOR MUTATOR MUTATOR MUTATOR SWITH STRING
    (12) expression -> . target EWITH STRING
    (13) expression -> . target MUTATOR EWITH STRING
    (14) expression -> . target MUTATOR MUTATOR EWITH STRING
    (15) expression -> . target MUTATOR MUTATOR MUTATOR EWITH STRING
    (16) expression -> . target MUTATOR MUTATOR MUTATOR MUTATOR EWITH STRING
    (17) expression -> . target MUTATOR MUTATOR MUTATOR MUTATOR MUTATOR EWITH STRING
    (18) expression -> . target EQUALS STRING
    (19) expression -> . target MUTATOR EQUALS STRING
    (20) expression -> . target MUTATOR MUTATOR EQUALS STRING
    (21) expression -> . target MUTATOR MUTATOR MUTATOR EQUALS STRING
    (22) expression -> . target MUTATOR MUTATOR MUTATOR MUTATOR EQUALS STRING
    (23) expression -> . target MUTATOR MUTATOR MUTATOR MUTATOR MUTATOR EQUALS STRING
    (24) expression -> . target EQUALS NUMBER
    (25) expression -> . target CONTAINS STRING
    (26) expression -> . target MUTATOR CONTAINS STRING
    (27) expression -> . target MUTATOR MUTATOR CONTAINS STRING
    (28) expression -> . target MUTATOR MUTATOR MUTATOR CONTAINS STRING
    (29) expression -> . target MUTATOR MUTATOR MUTATOR MUTATOR CONTAINS STRING
    (30) expression -> . target MUTATOR MUTATOR MUTATOR MUTATOR MUTATOR CONTAINS STRING
    (31) expression -> . target IN ARRAY
    (32) expression -> . target GT NUMBER
    (33) expression -> . target GTE NUMBER
    (34) expression -> . target LT NUMBER
    (35) expression -> . target LTE NUMBER
    (36) expression -> . target MUTATOR GT NUMBER
    (37) expression -> . target MUTATOR GTE NUMBER
    (38) expression -> . target MUTATOR LT NUMBER
    (39) expression -> . target MUTATOR LTE NUMBER
    (40) expression -> . target GT FLOAT
    (41) expression -> . target GTE FLOAT
    (42) expression -> . target LT FLOAT
    (43) expression -> . target LTE FLOAT
    (44) expression -> . target MUTATOR GT FLOAT
    (45) expression -> . target MUTATOR GTE FLOAT
    (46) expression -> . target MUTATOR LT FLOAT
    (47) expression -> . target MUTATOR LTE FLOAT
    (48) expression -> . target CIDR STRING
    (49) expression -> . target EXISTS
    (50) expression -> . target REGEXP STRING
    (51) expression -> . target IS BOOL
    (52) expression -> . target BETWEEN STRING

    target          shift and go to state 2
    LPAREN          shift and go to state 3

    expression                     shift and go to state 22

state 5

    (3) expression -> expression AND . expression
    (1) expression -> . target
    (2) expression -> . expression OR expression
    (3) expression -> . expression AND expression
    (4) expression -> . LPAREN expression AND expression RPAREN
    (5) expression -> . LPAREN expression OR expression RPAREN
    (6) expression -> . target SWITH STRING
    (7) expression -> . target MUTATOR SWITH STRING
    (8) expression -> . target MUTATOR MUTATOR SWITH STRING
    (9) expression -> . target MUTATOR MUTATOR MUTATOR SWITH STRING
    (10) expression -> . target MUTATOR MUTATOR MUTATOR MUTATOR SWITH STRING
    (11) expression -> . target MUTATOR MUTATOR MUTATOR MUTATOR MUTATOR SWITH STRING
    (12) expression -> . target EWITH STRING
    (13) expression -> . target MUTATOR EWITH STRING
    (14) expression -> . target MUTATOR MUTATOR EWITH STRING
    (15) expression -> . target MUTATOR MUTATOR MUTATOR EWITH STRING
    (16) expression -> . target MUTATOR MUTATOR MUTATOR MUTATOR EWITH STRING
    (17) expression -> . target MUTATOR MUTATOR MUTATOR MUTATOR MUTATOR EWITH STRING
    (18) expression -> . target EQUALS STRING
    (19) expression -> . target MUTATOR EQUALS STRING
    (20) expression -> . target MUTATOR MUTATOR EQUALS STRING
    (21) expression -> . target MUTATOR MUTATOR MUTATOR EQUALS STRING
    (22) expression -> . target MUTATOR MUTATOR MUTATOR MUTATOR EQUALS STRING
    (23) expression -> . target MUTATOR MUTATOR MUTATOR MUTATOR MUTATOR EQUALS STRING
    (24) expression -> . target EQUALS NUMBER
    (25) expression -> . target CONTAINS STRING
    (26) expression -> . target MUTATOR CONTAINS STRING
    (27) expression -> . target MUTATOR MUTATOR CONTAINS STRING
    (28) expression -> . target MUTATOR MUTATOR MUTATOR CONTAINS STRING
    (29) expression -> . target MUTATOR MUTATOR MUTATOR MUTATOR CONTAINS STRING
    (30) expression -> . target MUTATOR MUTATOR MUTATOR MUTATOR MUTATOR CONTAINS STRING
    (31) expression -> . target IN ARRAY
    (32) expression -> . target GT NUMBER
    (33) expression -> . target GTE NUMBER
    (34) expression -> . target LT NUMBER
    (35) expression -> . target LTE NUMBER
    (36) expression -> . target MUTATOR GT NUMBER
    (37) expression -> . target MUTATOR GTE NUMBER
    (38) expression -> . target MUTATOR LT NUMBER
    (39) expression -> . target MUTATOR LTE NUMBER
    (40) expression -> . target GT FLOAT
    (41) expression -> . target GTE FLOAT
    (42) expression -> . target LT FLOAT
    (43) expression -> . target LTE FLOAT
    (44) expression -> . target MUTATOR GT FLOAT
    (45) expression -> . target MUTATOR GTE FLOAT
    (46) expression -> . target MUTATOR LT FLOAT
    (47) expression -> . target MUTATOR LTE FLOAT
    (48) expression -> . target CIDR STRING
    (49) expression -> . target EXISTS
    (50) expression -> . target REGEXP STRING
    (51) expression -> . target IS BOOL
    (52) expression -> . target BETWEEN STRING

    target          shift and go to state 2
    LPAREN          shift and go to state 3

    expression                     shift and go to state 23

state 6

    (6) expression -> target SWITH . STRING

    STRING          shift and go to state 24


state 7

    (7) expression -> target MUTATOR . SWITH STRING
    (8) expression -> target MUTATOR . MUTATOR SWITH STRING
    (9) expression -> target MUTATOR . MUTATOR MUTATOR SWITH STRING
    (10) expression -> target MUTATOR . MUTATOR MUTATOR MUTATOR SWITH STRING
    (11) expression -> target MUTATOR . MUTATOR MUTATOR MUTATOR MUTATOR SWITH STRING
    (13) expression -> target MUTATOR . EWITH STRING
    (14) expression -> target MUTATOR . MUTATOR EWITH STRING
    (15) expression -> target MUTATOR . MUTATOR MUTATOR EWITH STRING
    (16) expression -> target MUTATOR . MUTATOR MUTATOR MUTATOR EWITH STRING
    (17) expression -> target MUTATOR . MUTATOR MUTATOR MUTATOR MUTATOR EWITH STRING
    (19) expression -> target MUTATOR . EQUALS STRING
    (20) expression -> target MUTATOR . MUTATOR EQUALS STRING
    (21) expression -> target MUTATOR . MUTATOR MUTATOR EQUALS STRING
    (22) expression -> target MUTATOR . MUTATOR MUTATOR MUTATOR EQUALS STRING
    (23) expression -> target MUTATOR . MUTATOR MUTATOR MUTATOR MUTATOR EQUALS STRING
    (26) expression -> target MUTATOR . CONTAINS STRING
    (27) expression -> target MUTATOR . MUTATOR CONTAINS STRING
    (28) expression -> target MUTATOR . MUTATOR MUTATOR CONTAINS STRING
    (29) expression -> target MUTATOR . MUTATOR MUTATOR MUTATOR CONTAINS STRING
    (30) expression -> target MUTATOR . MUTATOR MUTATOR MUTATOR MUTATOR CONTAINS STRING
    (36) expression -> target MUTATOR . GT NUMBER
    (37) expression -> target MUTATOR . GTE NUMBER
    (38) expression -> target MUTATOR . LT NUMBER
    (39) expression -> target MUTATOR . LTE NUMBER
    (44) expression -> target MUTATOR . GT FLOAT
    (45) expression -> target MUTATOR . GTE FLOAT
    (46) expression -> target MUTATOR . LT FLOAT
    (47) expression -> target MUTATOR . LTE FLOAT

    SWITH           shift and go to state 26
    MUTATOR         shift and go to state 25
    EWITH           shift and go to state 27
    EQUALS          shift and go to state 28
    CONTAINS        shift and go to state 29
    GT              shift and go to state 30
    GTE             shift and go to state 31
    LT              shift and go to state 32
    LTE             shift and go to state 33


state 8

    (12) expression -> target EWITH . STRING

    STRING          shift and go to state 34


state 9

    (18) expression -> target EQUALS . STRING
    (24) expression -> target EQUALS . NUMBER

    STRING          shift and go to state 35
    NUMBER          shift and go to state 36


state 10

    (25) expression -> target CONTAINS . STRING

    STRING          shift and go to state 37


state 11

    (31) expression -> target IN . ARRAY

    ARRAY           shift and go to state 38


state 12

    (32) expression -> target GT . NUMBER
    (40) expression -> target GT . FLOAT

    NUMBER          shift and go to state 39
    FLOAT           shift and go to state 40


state 13

    (33) expression -> target GTE . NUMBER
    (41) expression -> target GTE . FLOAT

    NUMBER          shift and go to state 41
    FLOAT           shift and go to state 42


state 14

    (34) expression -> target LT . NUMBER
    (42) expression -> target LT . FLOAT

    NUMBER          shift and go to state 43
    FLOAT           shift and go to state 44


state 15

    (35) expression -> target LTE . NUMBER
    (43) expression -> target LTE . FLOAT

    NUMBER          shift and go to state 45
    FLOAT           shift and go to state 46


state 16

    (48) expression -> target CIDR . STRING

    STRING          shift and go to state 47


state 17

    (49) expression -> target EXISTS .

    OR              reduce using rule 49 (expression -> target EXISTS .)
    AND             reduce using rule 49 (expression -> target EXISTS .)
    $end            reduce using rule 49 (expression -> target EXISTS .)
    RPAREN          reduce using rule 49 (expression -> target EXISTS .)


state 18

    (50) expression -> target REGEXP . STRING

    STRING          shift and go to state 48


state 19

    (51) expression -> target IS . BOOL

    BOOL            shift and go to state 49


state 20

    (52) expression -> target BETWEEN . STRING

    STRING          shift and go to state 50


state 21

    (4) expression -> LPAREN expression . AND expression RPAREN
    (5) expression -> LPAREN expression . OR expression RPAREN
    (2) expression -> expression . OR expression
    (3) expression -> expression . AND expression

    AND             shift and go to state 51
    OR              shift and go to state 52


state 22

    (2) expression -> expression OR expression .
    (2) expression -> expression . OR expression
    (3) expression -> expression . AND expression

    OR              reduce using rule 2 (expression -> expression OR expression .)
    $end            reduce using rule 2 (expression -> expression OR expression .)
    RPAREN          reduce using rule 2 (expression -> expression OR expression .)
    AND             shift and go to state 5

  ! AND             [ reduce using rule 2 (expression -> expression OR expression .) ]
  ! OR              [ shift and go to state 4 ]


state 23

    (3) expression -> expression AND expression .
    (2) expression -> expression . OR expression
    (3) expression -> expression . AND expression

    OR              reduce using rule 3 (expression -> expression AND expression .)
    AND             reduce using rule 3 (expression -> expression AND expression .)
    $end            reduce using rule 3 (expression -> expression AND expression .)
    RPAREN          reduce using rule 3 (expression -> expression AND expression .)

  ! OR              [ shift and go to state 4 ]
  ! AND             [ shift and go to state 5 ]


state 24

    (6) expression -> target SWITH STRING .

    OR              reduce using rule 6 (expression -> target SWITH STRING .)
    AND             reduce using rule 6 (expression -> target SWITH STRING .)
    $end            reduce using rule 6 (expression -> target SWITH STRING .)
    RPAREN          reduce using rule 6 (expression -> target SWITH STRING .)


state 25

    (8) expression -> target MUTATOR MUTATOR . SWITH STRING
    (9) expression -> target MUTATOR MUTATOR . MUTATOR SWITH STRING
    (10) expression -> target MUTATOR MUTATOR . MUTATOR MUTATOR SWITH STRING
    (11) expression -> target MUTATOR MUTATOR . MUTATOR MUTATOR MUTATOR SWITH STRING
    (14) expression -> target MUTATOR MUTATOR . EWITH STRING
    (15) expression -> target MUTATOR MUTATOR . MUTATOR EWITH STRING
    (16) expression -> target MUTATOR MUTATOR . MUTATOR MUTATOR EWITH STRING
    (17) expression -> target MUTATOR MUTATOR . MUTATOR MUTATOR MUTATOR EWITH STRING
    (20) expression -> target MUTATOR MUTATOR . EQUALS STRING
    (21) expression -> target MUTATOR MUTATOR . MUTATOR EQUALS STRING
    (22) expression -> target MUTATOR MUTATOR . MUTATOR MUTATOR EQUALS STRING
    (23) expression -> target MUTATOR MUTATOR . MUTATOR MUTATOR MUTATOR EQUALS STRING
    (27) expression -> target MUTATOR MUTATOR . CONTAINS STRING
    (28) expression -> target MUTATOR MUTATOR . MUTATOR CONTAINS STRING
    (29) expression -> target MUTATOR MUTATOR . MUTATOR MUTATOR CONTAINS STRING
    (30) expression -> target MUTATOR MUTATOR . MUTATOR MUTATOR MUTATOR CONTAINS STRING

    SWITH           shift and go to state 54
    MUTATOR         shift and go to state 53
    EWITH           shift and go to state 55
    EQUALS          shift and go to state 56
    CONTAINS        shift and go to state 57


state 26

    (7) expression -> target MUTATOR SWITH . STRING

    STRING          shift and go to state 58


state 27

    (13) expression -> target MUTATOR EWITH . STRING

    STRING          shift and go to state 59


state 28

    (19) expression -> target MUTATOR EQUALS . STRING

    STRING          shift and go to state 60


state 29

    (26) expression -> target MUTATOR CONTAINS . STRING

    STRING          shift and go to state 61


state 30

    (36) expression -> target MUTATOR GT . NUMBER
    (44) expression -> target MUTATOR GT . FLOAT

    NUMBER          shift and go to state 62
    FLOAT           shift and go to state 63


state 31

    (37) expression -> target MUTATOR GTE . NUMBER
    (45) expression -> target MUTATOR GTE . FLOAT

    NUMBER          shift and go to state 64
    FLOAT           shift and go to state 65


state 32

    (38) expression -> target MUTATOR LT . NUMBER
    (46) expression -> target MUTATOR LT . FLOAT

    NUMBER          shift and go to state 66
    FLOAT           shift and go to state 67


state 33

    (39) expression -> target MUTATOR LTE . NUMBER
    (47) expression -> target MUTATOR LTE . FLOAT

    NUMBER          shift and go to state 68
    FLOAT           shift and go to state 69


state 34

    (12) expression -> target EWITH STRING .

    OR              reduce using rule 12 (expression -> target EWITH STRING .)
    AND             reduce using rule 12 (expression -> target EWITH STRING .)
    $end            reduce using rule 12 (expression -> target EWITH STRING .)
    RPAREN          reduce using rule 12 (expression -> target EWITH STRING .)


state 35

    (18) expression -> target EQUALS STRING .

    OR              reduce using rule 18 (expression -> target EQUALS STRING .)
    AND             reduce using rule 18 (expression -> target EQUALS STRING .)
    $end            reduce using rule 18 (expression -> target EQUALS STRING .)
    RPAREN          reduce using rule 18 (expression -> target EQUALS STRING .)


state 36

    (24) expression -> target EQUALS NUMBER .

    OR              reduce using rule 24 (expression -> target EQUALS NUMBER .)
    AND             reduce using rule 24 (expression -> target EQUALS NUMBER .)
    $end            reduce using rule 24 (expression -> target EQUALS NUMBER .)
    RPAREN          reduce using rule 24 (expression -> target EQUALS NUMBER .)


state 37

    (25) expression -> target CONTAINS STRING .

    OR              reduce using rule 25 (expression -> target CONTAINS STRING .)
    AND             reduce using rule 25 (expression -> target CONTAINS STRING .)
    $end            reduce using rule 25 (expression -> target CONTAINS STRING .)
    RPAREN          reduce using rule 25 (expression -> target CONTAINS STRING .)


state 38

    (31) expression -> target IN ARRAY .

    OR              reduce using rule 31 (expression -> target IN ARRAY .)
    AND             reduce using rule 31 (expression -> target IN ARRAY .)
    $end            reduce using rule 31 (expression -> target IN ARRAY .)
    RPAREN          reduce using rule 31 (expression -> target IN ARRAY .)


state 39

    (32) expression -> target GT NUMBER .

    OR              reduce using rule 32 (expression -> target GT NUMBER .)
    AND             reduce using rule 32 (expression -> target GT NUMBER .)
    $end            reduce using rule 32 (expression -> target GT NUMBER .)
    RPAREN          reduce using rule 32 (expression -> target GT NUMBER .)


state 40

    (40) expression -> target GT FLOAT .

    OR              reduce using rule 40 (expression -> target GT FLOAT .)
    AND             reduce using rule 40 (expression -> target GT FLOAT .)
    $end            reduce using rule 40 (expression -> target GT FLOAT .)
    RPAREN          reduce using rule 40 (expression -> target GT FLOAT .)


state 41

    (33) expression -> target GTE NUMBER .

    OR              reduce using rule 33 (expression -> target GTE NUMBER .)
    AND             reduce using rule 33 (expression -> target GTE NUMBER .)
    $end            reduce using rule 33 (expression -> target GTE NUMBER .)
    RPAREN          reduce using rule 33 (expression -> target GTE NUMBER .)


state 42

    (41) expression -> target GTE FLOAT .

    OR              reduce using rule 41 (expression -> target GTE FLOAT .)
    AND             reduce using rule 41 (expression -> target GTE FLOAT .)
    $end            reduce using rule 41 (expression -> target GTE FLOAT .)
    RPAREN          reduce using rule 41 (expression -> target GTE FLOAT .)


state 43

    (34) expression -> target LT NUMBER .

    OR              reduce using rule 34 (expression -> target LT NUMBER .)
    AND             reduce using rule 34 (expression -> target LT NUMBER .)
    $end            reduce using rule 34 (expression -> target LT NUMBER .)
    RPAREN          reduce using rule 34 (expression -> target LT NUMBER .)


state 44

    (42) expression -> target LT FLOAT .

    OR              reduce using rule 42 (expression -> target LT FLOAT .)
    AND             reduce using rule 42 (expression -> target LT FLOAT .)
    $end            reduce using rule 42 (expression -> target LT FLOAT .)
    RPAREN          reduce using rule 42 (expression -> target LT FLOAT .)


state 45

    (35) expression -> target LTE NUMBER .

    OR              reduce using rule 35 (expression -> target LTE NUMBER .)
    AND             reduce using rule 35 (expression -> target LTE NUMBER .)
    $end            reduce using rule 35 (expression -> target LTE NUMBER .)
    RPAREN          reduce using rule 35 (expression -> target LTE NUMBER .)


state 46

    (43) expression -> target LTE FLOAT .

    OR              reduce using rule 43 (expression -> target LTE FLOAT .)
    AND             reduce using rule 43 (expression -> target LTE FLOAT .)
    $end            reduce using rule 43 (expression -> target LTE FLOAT .)
    RPAREN          reduce using rule 43 (expression -> target LTE FLOAT .)


state 47

    (48) expression -> target CIDR STRING .

    OR              reduce using rule 48 (expression -> target CIDR STRING .)
    AND             reduce using rule 48 (expression -> target CIDR STRING .)
    $end            reduce using rule 48 (expression -> target CIDR STRING .)
    RPAREN          reduce using rule 48 (expression -> target CIDR STRING .)


state 48

    (50) expression -> target REGEXP STRING .

    OR              reduce using rule 50 (expression -> target REGEXP STRING .)
    AND             reduce using rule 50 (expression -> target REGEXP STRING .)
    $end            reduce using rule 50 (expression -> target REGEXP STRING .)
    RPAREN          reduce using rule 50 (expression -> target REGEXP STRING .)


state 49

    (51) expression -> target IS BOOL .

    OR              reduce using rule 51 (expression -> target IS BOOL .)
    AND             reduce using rule 51 (expression -> target IS BOOL .)
    $end            reduce using rule 51 (expression -> target IS BOOL .)
    RPAREN          reduce using rule 51 (expression -> target IS BOOL .)


state 50

    (52) expression -> target BETWEEN STRING .

    OR              reduce using rule 52 (expression -> target BETWEEN STRING .)
    AND             reduce using rule 52 (expression -> target BETWEEN STRING .)
    $end            reduce using rule 52 (expression -> target BETWEEN STRING .)
    RPAREN          reduce using rule 52 (expression -> target BETWEEN STRING .)


state 51

    (4) expression -> LPAREN expression AND . expression RPAREN
    (3) expression -> expression AND . expression
    (1) expression -> . target
    (2) expression -> . expression OR expression
    (3) expression -> . expression AND expression
    (4) expression -> . LPAREN expression AND expression RPAREN
    (5) expression -> . LPAREN expression OR expression RPAREN
    (6) expression -> . target SWITH STRING
    (7) expression -> . target MUTATOR SWITH STRING
    (8) expression -> . target MUTATOR MUTATOR SWITH STRING
    (9) expression -> . target MUTATOR MUTATOR MUTATOR SWITH STRING
    (10) expression -> . target MUTATOR MUTATOR MUTATOR MUTATOR SWITH STRING
    (11) expression -> . target MUTATOR MUTATOR MUTATOR MUTATOR MUTATOR SWITH STRING
    (12) expression -> . target EWITH STRING
    (13) expression -> . target MUTATOR EWITH STRING
    (14) expression -> . target MUTATOR MUTATOR EWITH STRING
    (15) expression -> . target MUTATOR MUTATOR MUTATOR EWITH STRING
    (16) expression -> . target MUTATOR MUTATOR MUTATOR MUTATOR EWITH STRING
    (17) expression -> . target MUTATOR MUTATOR MUTATOR MUTATOR MUTATOR EWITH STRING
    (18) expression -> . target EQUALS STRING
    (19) expression -> . target MUTATOR EQUALS STRING
    (20) expression -> . target MUTATOR MUTATOR EQUALS STRING
    (21) expression -> . target MUTATOR MUTATOR MUTATOR EQUALS STRING
    (22) expression -> . target MUTATOR MUTATOR MUTATOR MUTATOR EQUALS STRING
    (23) expression -> . target MUTATOR MUTATOR MUTATOR MUTATOR MUTATOR EQUALS STRING
    (24) expression -> . target EQUALS NUMBER
    (25) expression -> . target CONTAINS STRING
    (26) expression -> . target MUTATOR CONTAINS STRING
    (27) expression -> . target MUTATOR MUTATOR CONTAINS STRING
    (28) expression -> . target MUTATOR MUTATOR MUTATOR CONTAINS STRING
    (29) expression -> . target MUTATOR MUTATOR MUTATOR MUTATOR CONTAINS STRING
    (30) expression -> . target MUTATOR MUTATOR MUTATOR MUTATOR MUTATOR CONTAINS STRING
    (31) expression -> . target IN ARRAY
    (32) expression -> . target GT NUMBER
    (33) expression -> . target GTE NUMBER
    (34) expression -> . target LT NUMBER
    (35) expression -> . target LTE NUMBER
    (36) expression -> . target MUTATOR GT NUMBER
    (37) expression -> . target MUTATOR GTE NUMBER
    (38) expression -> . target MUTATOR LT NUMBER
    (39) expression -> . target MUTATOR LTE NUMBER
    (40) expression -> . target GT FLOAT
    (41) expression -> . target GTE FLOAT
    (42) expression -> . target LT FLOAT
    (43) expression -> . target LTE FLOAT
    (44) expression -> . target MUTATOR GT FLOAT
    (45) expression -> . target MUTATOR GTE FLOAT
    (46) expression -> . target MUTATOR LT FLOAT
    (47) expression -> . target MUTATOR LTE FLOAT
    (48) expression -> . target CIDR STRING
    (49) expression -> . target EXISTS
    (50) expression -> . target REGEXP STRING
    (51) expression -> . target IS BOOL
    (52) expression -> . target BETWEEN STRING

    target          shift and go to state 2
    LPAREN          shift and go to state 3

    expression                     shift and go to state 70

state 52

    (5) expression -> LPAREN expression OR . expression RPAREN
    (2) expression -> expression OR . expression
    (1) expression -> . target
    (2) expression -> . expression OR expression
    (3) expression -> . expression AND expression
    (4) expression -> . LPAREN expression AND expression RPAREN
    (5) expression -> . LPAREN expression OR expression RPAREN
    (6) expression -> . target SWITH STRING
    (7) expression -> . target MUTATOR SWITH STRING
    (8) expression -> . target MUTATOR MUTATOR SWITH STRING
    (9) expression -> . target MUTATOR MUTATOR MUTATOR SWITH STRING
    (10) expression -> . target MUTATOR MUTATOR MUTATOR MUTATOR SWITH STRING
    (11) expression -> . target MUTATOR MUTATOR MUTATOR MUTATOR MUTATOR SWITH STRING
    (12) expression -> . target EWITH STRING
    (13) expression -> . target MUTATOR EWITH STRING
    (14) expression -> . target MUTATOR MUTATOR EWITH STRING
    (15) expression -> . target MUTATOR MUTATOR MUTATOR EWITH STRING
    (16) expression -> . target MUTATOR MUTATOR MUTATOR MUTATOR EWITH STRING
    (17) expression -> . target MUTATOR MUTATOR MUTATOR MUTATOR MUTATOR EWITH STRING
    (18) expression -> . target EQUALS STRING
    (19) expression -> . target MUTATOR EQUALS STRING
    (20) expression -> . target MUTATOR MUTATOR EQUALS STRING
    (21) expression -> . target MUTATOR MUTATOR MUTATOR EQUALS STRING
    (22) expression -> . target MUTATOR MUTATOR MUTATOR MUTATOR EQUALS STRING
    (23) expression -> . target MUTATOR MUTATOR MUTATOR MUTATOR MUTATOR EQUALS STRING
    (24) expression -> . target EQUALS NUMBER
    (25) expression -> . target CONTAINS STRING
    (26) expression -> . target MUTATOR CONTAINS STRING
    (27) expression -> . target MUTATOR MUTATOR CONTAINS STRING
    (28) expression -> . target MUTATOR MUTATOR MUTATOR CONTAINS STRING
    (29) expression -> . target MUTATOR MUTATOR MUTATOR MUTATOR CONTAINS STRING
    (30) expression -> . target MUTATOR MUTATOR MUTATOR MUTATOR MUTATOR CONTAINS STRING
    (31) expression -> . target IN ARRAY
    (32) expression -> . target GT NUMBER
    (33) expression -> . target GTE NUMBER
    (34) expression -> . target LT NUMBER
    (35) expression -> . target LTE NUMBER
    (36) expression -> . target MUTATOR GT NUMBER
    (37) expression -> . target MUTATOR GTE NUMBER
    (38) expression -> . target MUTATOR LT NUMBER
    (39) expression -> . target MUTATOR LTE NUMBER
    (40) expression -> . target GT FLOAT
    (41) expression -> . target GTE FLOAT
    (42) expression -> . target LT FLOAT
    (43) expression -> . target LTE FLOAT
    (44) expression -> . target MUTATOR GT FLOAT
    (45) expression -> . target MUTATOR GTE FLOAT
    (46) expression -> . target MUTATOR LT FLOAT
    (47) expression -> . target MUTATOR LTE FLOAT
    (48) expression -> . target CIDR STRING
    (49) expression -> . target EXISTS
    (50) expression -> . target REGEXP STRING
    (51) expression -> . target IS BOOL
    (52) expression -> . target BETWEEN STRING

    target          shift and go to state 2
    LPAREN          shift and go to state 3

    expression                     shift and go to state 71

state 53

    (9) expression -> target MUTATOR MUTATOR MUTATOR . SWITH STRING
    (10) expression -> target MUTATOR MUTATOR MUTATOR . MUTATOR SWITH STRING
    (11) expression -> target MUTATOR MUTATOR MUTATOR . MUTATOR MUTATOR SWITH STRING
    (15) expression -> target MUTATOR MUTATOR MUTATOR . EWITH STRING
    (16) expression -> target MUTATOR MUTATOR MUTATOR . MUTATOR EWITH STRING
    (17) expression -> target MUTATOR MUTATOR MUTATOR . MUTATOR MUTATOR EWITH STRING
    (21) expression -> target MUTATOR MUTATOR MUTATOR . EQUALS STRING
    (22) expression -> target MUTATOR MUTATOR MUTATOR . MUTATOR EQUALS STRING
    (23) expression -> target MUTATOR MUTATOR MUTATOR . MUTATOR MUTATOR EQUALS STRING
    (28) expression -> target MUTATOR MUTATOR MUTATOR . CONTAINS STRING
    (29) expression -> target MUTATOR MUTATOR MUTATOR . MUTATOR CONTAINS STRING
    (30) expression -> target MUTATOR MUTATOR MUTATOR . MUTATOR MUTATOR CONTAINS STRING

    SWITH           shift and go to state 73
    MUTATOR         shift and go to state 72
    EWITH           shift and go to state 74
    EQUALS          shift and go to state 75
    CONTAINS        shift and go to state 76


state 54

    (8) expression -> target MUTATOR MUTATOR SWITH . STRING

    STRING          shift and go to state 77


state 55

    (14) expression -> target MUTATOR MUTATOR EWITH . STRING

    STRING          shift and go to state 78


state 56

    (20) expression -> target MUTATOR MUTATOR EQUALS . STRING

    STRING          shift and go to state 79


state 57

    (27) expression -> target MUTATOR MUTATOR CONTAINS . STRING

    STRING          shift and go to state 80


state 58

    (7) expression -> target MUTATOR SWITH STRING .

    OR              reduce using rule 7 (expression -> target MUTATOR SWITH STRING .)
    AND             reduce using rule 7 (expression -> target MUTATOR SWITH STRING .)
    $end            reduce using rule 7 (expression -> target MUTATOR SWITH STRING .)
    RPAREN          reduce using rule 7 (expression -> target MUTATOR SWITH STRING .)


state 59

    (13) expression -> target MUTATOR EWITH STRING .

    OR              reduce using rule 13 (expression -> target MUTATOR EWITH STRING .)
    AND             reduce using rule 13 (expression -> target MUTATOR EWITH STRING .)
    $end            reduce using rule 13 (expression -> target MUTATOR EWITH STRING .)
    RPAREN          reduce using rule 13 (expression -> target MUTATOR EWITH STRING .)


state 60

    (19) expression -> target MUTATOR EQUALS STRING .

    OR              reduce using rule 19 (expression -> target MUTATOR EQUALS STRING .)
    AND             reduce using rule 19 (expression -> target MUTATOR EQUALS STRING .)
    $end            reduce using rule 19 (expression -> target MUTATOR EQUALS STRING .)
    RPAREN          reduce using rule 19 (expression -> target MUTATOR EQUALS STRING .)


state 61

    (26) expression -> target MUTATOR CONTAINS STRING .

    OR              reduce using rule 26 (expression -> target MUTATOR CONTAINS STRING .)
    AND             reduce using rule 26 (expression -> target MUTATOR CONTAINS STRING .)
    $end            reduce using rule 26 (expression -> target MUTATOR CONTAINS STRING .)
    RPAREN          reduce using rule 26 (expression -> target MUTATOR CONTAINS STRING .)


state 62

    (36) expression -> target MUTATOR GT NUMBER .

    OR              reduce using rule 36 (expression -> target MUTATOR GT NUMBER .)
    AND             reduce using rule 36 (expression -> target MUTATOR GT NUMBER .)
    $end            reduce using rule 36 (expression -> target MUTATOR GT NUMBER .)
    RPAREN          reduce using rule 36 (expression -> target MUTATOR GT NUMBER .)


state 63

    (44) expression -> target MUTATOR GT FLOAT .

    OR              reduce using rule 44 (expression -> target MUTATOR GT FLOAT .)
    AND             reduce using rule 44 (expression -> target MUTATOR GT FLOAT .)
    $end            reduce using rule 44 (expression -> target MUTATOR GT FLOAT .)
    RPAREN          reduce using rule 44 (expression -> target MUTATOR GT FLOAT .)


state 64

    (37) expression -> target MUTATOR GTE NUMBER .

    OR              reduce using rule 37 (expression -> target MUTATOR GTE NUMBER .)
    AND             reduce using rule 37 (expression -> target MUTATOR GTE NUMBER .)
    $end            reduce using rule 37 (expression -> target MUTATOR GTE NUMBER .)
    RPAREN          reduce using rule 37 (expression -> target MUTATOR GTE NUMBER .)


state 65

    (45) expression -> target MUTATOR GTE FLOAT .

    OR              reduce using rule 45 (expression -> target MUTATOR GTE FLOAT .)
    AND             reduce using rule 45 (expression -> target MUTATOR GTE FLOAT .)
    $end            reduce using rule 45 (expression -> target MUTATOR GTE FLOAT .)
    RPAREN          reduce using rule 45 (expression -> target MUTATOR GTE FLOAT .)


state 66

    (38) expression -> target MUTATOR LT NUMBER .

    OR              reduce using rule 38 (expression -> target MUTATOR LT NUMBER .)
    AND             reduce using rule 38 (expression -> target MUTATOR LT NUMBER .)
    $end            reduce using rule 38 (expression -> target MUTATOR LT NUMBER .)
    RPAREN          reduce using rule 38 (expression -> target MUTATOR LT NUMBER .)


state 67

    (46) expression -> target MUTATOR LT FLOAT .

    OR              reduce using rule 46 (expression -> target MUTATOR LT FLOAT .)
    AND             reduce using rule 46 (expression -> target MUTATOR LT FLOAT .)
    $end            reduce using rule 46 (expression -> target MUTATOR LT FLOAT .)
    RPAREN          reduce using rule 46 (expression -> target MUTATOR LT FLOAT .)


state 68

    (39) expression -> target MUTATOR LTE NUMBER .

    OR              reduce using rule 39 (expression -> target MUTATOR LTE NUMBER .)
    AND             reduce using rule 39 (expression -> target MUTATOR LTE NUMBER .)
    $end            reduce using rule 39 (expression -> target MUTATOR LTE NUMBER .)
    RPAREN          reduce using rule 39 (expression -> target MUTATOR LTE NUMBER .)


state 69

    (47) expression -> target MUTATOR LTE FLOAT .

    OR              reduce using rule 47 (expression -> target MUTATOR LTE FLOAT .)
    AND             reduce using rule 47 (expression -> target MUTATOR LTE FLOAT .)
    $end            reduce using rule 47 (expression -> target MUTATOR LTE FLOAT .)
    RPAREN          reduce using rule 47 (expression -> target MUTATOR LTE FLOAT .)


state 70

    (4) expression -> LPAREN expression AND expression . RPAREN
    (3) expression -> expression AND expression .
    (2) expression -> expression . OR expression
    (3) expression -> expression . AND expression

    RPAREN          shift and go to state 81
    AND             reduce using rule 3 (expression -> expression AND expression .)
    OR              reduce using rule 3 (expression -> expression AND expression .)

  ! OR              [ shift and go to state 4 ]
  ! AND             [ shift and go to state 5 ]


state 71

    (5) expression -> LPAREN expression OR expression . RPAREN
    (2) expression -> expression OR expression .
    (2) expression -> expression . OR expression
    (3) expression -> expression . AND expression

    RPAREN          shift and go to state 82
    OR              reduce using rule 2 (expression -> expression OR expression .)
    AND             shift and go to state 5

  ! AND             [ reduce using rule 2 (expression -> expression OR expression .) ]
  ! OR              [ shift and go to state 4 ]


state 72

    (10) expression -> target MUTATOR MUTATOR MUTATOR MUTATOR . SWITH STRING
    (11) expression -> target MUTATOR MUTATOR MUTATOR MUTATOR . MUTATOR SWITH STRING
    (16) expression -> target MUTATOR MUTATOR MUTATOR MUTATOR . EWITH STRING
    (17) expression -> target MUTATOR MUTATOR MUTATOR MUTATOR . MUTATOR EWITH STRING
    (22) expression -> target MUTATOR MUTATOR MUTATOR MUTATOR . EQUALS STRING
    (23) expression -> target MUTATOR MUTATOR MUTATOR MUTATOR . MUTATOR EQUALS STRING
    (29) expression -> target MUTATOR MUTATOR MUTATOR MUTATOR . CONTAINS STRING
    (30) expression -> target MUTATOR MUTATOR MUTATOR MUTATOR . MUTATOR CONTAINS STRING

    SWITH           shift and go to state 84
    MUTATOR         shift and go to state 83
    EWITH           shift and go to state 85
    EQUALS          shift and go to state 86
    CONTAINS        shift and go to state 87


state 73

    (9) expression -> target MUTATOR MUTATOR MUTATOR SWITH . STRING

    STRING          shift and go to state 88


state 74

    (15) expression -> target MUTATOR MUTATOR MUTATOR EWITH . STRING

    STRING          shift and go to state 89


state 75

    (21) expression -> target MUTATOR MUTATOR MUTATOR EQUALS . STRING

    STRING          shift and go to state 90


state 76

    (28) expression -> target MUTATOR MUTATOR MUTATOR CONTAINS . STRING

    STRING          shift and go to state 91


state 77

    (8) expression -> target MUTATOR MUTATOR SWITH STRING .

    OR              reduce using rule 8 (expression -> target MUTATOR MUTATOR SWITH STRING .)
    AND             reduce using rule 8 (expression -> target MUTATOR MUTATOR SWITH STRING .)
    $end            reduce using rule 8 (expression -> target MUTATOR MUTATOR SWITH STRING .)
    RPAREN          reduce using rule 8 (expression -> target MUTATOR MUTATOR SWITH STRING .)


state 78

    (14) expression -> target MUTATOR MUTATOR EWITH STRING .

    OR              reduce using rule 14 (expression -> target MUTATOR MUTATOR EWITH STRING .)
    AND             reduce using rule 14 (expression -> target MUTATOR MUTATOR EWITH STRING .)
    $end            reduce using rule 14 (expression -> target MUTATOR MUTATOR EWITH STRING .)
    RPAREN          reduce using rule 14 (expression -> target MUTATOR MUTATOR EWITH STRING .)


state 79

    (20) expression -> target MUTATOR MUTATOR EQUALS STRING .

    OR              reduce using rule 20 (expression -> target MUTATOR MUTATOR EQUALS STRING .)
    AND             reduce using rule 20 (expression -> target MUTATOR MUTATOR EQUALS STRING .)
    $end            reduce using rule 20 (expression -> target MUTATOR MUTATOR EQUALS STRING .)
    RPAREN          reduce using rule 20 (expression -> target MUTATOR MUTATOR EQUALS STRING .)


state 80

    (27) expression -> target MUTATOR MUTATOR CONTAINS STRING .

    OR              reduce using rule 27 (expression -> target MUTATOR MUTATOR CONTAINS STRING .)
    AND             reduce using rule 27 (expression -> target MUTATOR MUTATOR CONTAINS STRING .)
    $end            reduce using rule 27 (expression -> target MUTATOR MUTATOR CONTAINS STRING .)
    RPAREN          reduce using rule 27 (expression -> target MUTATOR MUTATOR CONTAINS STRING .)


state 81

    (4) expression -> LPAREN expression AND expression RPAREN .

    OR              reduce using rule 4 (expression -> LPAREN expression AND expression RPAREN .)
    AND             reduce using rule 4 (expression -> LPAREN expression AND expression RPAREN .)
    $end            reduce using rule 4 (expression -> LPAREN expression AND expression RPAREN .)
    RPAREN          reduce using rule 4 (expression -> LPAREN expression AND expression RPAREN .)


state 82

    (5) expression -> LPAREN expression OR expression RPAREN .

    OR              reduce using rule 5 (expression -> LPAREN expression OR expression RPAREN .)
    AND             reduce using rule 5 (expression -> LPAREN expression OR expression RPAREN .)
    $end            reduce using rule 5 (expression -> LPAREN expression OR expression RPAREN .)
    RPAREN          reduce using rule 5 (expression -> LPAREN expression OR expression RPAREN .)


state 83

    (11) expression -> target MUTATOR MUTATOR MUTATOR MUTATOR MUTATOR . SWITH STRING
    (17) expression -> target MUTATOR MUTATOR MUTATOR MUTATOR MUTATOR . EWITH STRING
    (23) expression -> target MUTATOR MUTATOR MUTATOR MUTATOR MUTATOR . EQUALS STRING
    (30) expression -> target MUTATOR MUTATOR MUTATOR MUTATOR MUTATOR . CONTAINS STRING

    SWITH           shift and go to state 92
    EWITH           shift and go to state 93
    EQUALS          shift and go to state 94
    CONTAINS        shift and go to state 95


state 84

    (10) expression -> target MUTATOR MUTATOR MUTATOR MUTATOR SWITH . STRING

    STRING          shift and go to state 96


state 85

    (16) expression -> target MUTATOR MUTATOR MUTATOR MUTATOR EWITH . STRING

    STRING          shift and go to state 97


state 86

    (22) expression -> target MUTATOR MUTATOR MUTATOR MUTATOR EQUALS . STRING

    STRING          shift and go to state 98


state 87

    (29) expression -> target MUTATOR MUTATOR MUTATOR MUTATOR CONTAINS . STRING

    STRING          shift and go to state 99


state 88

    (9) expression -> target MUTATOR MUTATOR MUTATOR SWITH STRING .

    OR              reduce using rule 9 (expression -> target MUTATOR MUTATOR MUTATOR SWITH STRING .)
    AND             reduce using rule 9 (expression -> target MUTATOR MUTATOR MUTATOR SWITH STRING .)
    $end            reduce using rule 9 (expression -> target MUTATOR MUTATOR MUTATOR SWITH STRING .)
    RPAREN          reduce using rule 9 (expression -> target MUTATOR MUTATOR MUTATOR SWITH STRING .)


state 89

    (15) expression -> target MUTATOR MUTATOR MUTATOR EWITH STRING .

    OR              reduce using rule 15 (expression -> target MUTATOR MUTATOR MUTATOR EWITH STRING .)
    AND             reduce using rule 15 (expression -> target MUTATOR MUTATOR MUTATOR EWITH STRING .)
    $end            reduce using rule 15 (expression -> target MUTATOR MUTATOR MUTATOR EWITH STRING .)
    RPAREN          reduce using rule 15 (expression -> target MUTATOR MUTATOR MUTATOR EWITH STRING .)


state 90

    (21) expression -> target MUTATOR MUTATOR MUTATOR EQUALS STRING .

    OR              reduce using rule 21 (expression -> target MUTATOR MUTATOR MUTATOR EQUALS STRING .)
    AND             reduce using rule 21 (expression -> target MUTATOR MUTATOR MUTATOR EQUALS STRING .)
    $end            reduce using rule 21 (expression -> target MUTATOR MUTATOR MUTATOR EQUALS STRING .)
    RPAREN          reduce using rule 21 (expression -> target MUTATOR MUTATOR MUTATOR EQUALS STRING .)


state 91

    (28) expression -> target MUTATOR MUTATOR MUTATOR CONTAINS STRING .

    OR              reduce using rule 28 (expression -> target MUTATOR MUTATOR MUTATOR CONTAINS STRING .)
    AND             reduce using rule 28 (expression -> target MUTATOR MUTATOR MUTATOR CONTAINS STRING .)
    $end            reduce using rule 28 (expression -> target MUTATOR MUTATOR MUTATOR CONTAINS STRING .)
    RPAREN          reduce using rule 28 (expression -> target MUTATOR MUTATOR MUTATOR CONTAINS STRING .)


state 92

    (11) expression -> target MUTATOR MUTATOR MUTATOR MUTATOR MUTATOR SWITH . STRING

    STRING          shift and go to state 100


state 93

    (17) expression -> target MUTATOR MUTATOR MUTATOR MUTATOR MUTATOR EWITH . STRING

    STRING          shift and go to state 101


state 94

    (23) expression -> target MUTATOR MUTATOR MUTATOR MUTATOR MUTATOR EQUALS . STRING

    STRING          shift and go to state 102


state 95

    (30) expression -> target MUTATOR MUTATOR MUTATOR MUTATOR MUTATOR CONTAINS . STRING

    STRING          shift and go to state 103


state 96

    (10) expression -> target MUTATOR MUTATOR MUTATOR MUTATOR SWITH STRING .

    OR              reduce using rule 10 (expression -> target MUTATOR MUTATOR MUTATOR MUTATOR SWITH STRING .)
    AND             reduce using rule 10 (expression -> target MUTATOR MUTATOR MUTATOR MUTATOR SWITH STRING .)
    $end            reduce using rule 10 (expression -> target MUTATOR MUTATOR MUTATOR MUTATOR SWITH STRING .)
    RPAREN          reduce using rule 10 (expression -> target MUTATOR MUTATOR MUTATOR MUTATOR SWITH STRING .)


state 97

    (16) expression -> target MUTATOR MUTATOR MUTATOR MUTATOR EWITH STRING .

    OR              reduce using rule 16 (expression -> target MUTATOR MUTATOR MUTATOR MUTATOR EWITH STRING .)
    AND             reduce using rule 16 (expression -> target MUTATOR MUTATOR MUTATOR MUTATOR EWITH STRING .)
    $end            reduce using rule 16 (expression -> target MUTATOR MUTATOR MUTATOR MUTATOR EWITH STRING .)
    RPAREN          reduce using rule 16 (expression -> target MUTATOR MUTATOR MUTATOR MUTATOR EWITH STRING .)


state 98

    (22) expression -> target MUTATOR MUTATOR MUTATOR MUTATOR EQUALS STRING .

    OR              reduce using rule 22 (expression -> target MUTATOR MUTATOR MUTATOR MUTATOR EQUALS STRING .)
    AND             reduce using rule 22 (expression -> target MUTATOR MUTATOR MUTATOR MUTATOR EQUALS STRING .)
    $end            reduce using rule 22 (expression -> target MUTATOR MUTATOR MUTATOR MUTATOR EQUALS STRING .)
    RPAREN          reduce using rule 22 (expression -> target MUTATOR MUTATOR MUTATOR MUTATOR EQUALS STRING .)


state 99

    (29) expression -> target MUTATOR MUTATOR MUTATOR MUTATOR CONTAINS STRING .

    OR              reduce using rule 29 (expression -> target MUTATOR MUTATOR MUTATOR MUTATOR CONTAINS STRING .)
    AND             reduce using rule 29 (expression -> target MUTATOR MUTATOR MUTATOR MUTATOR CONTAINS STRING .)
    $end            reduce using rule 29 (expression -> target MUTATOR MUTATOR MUTATOR MUTATOR CONTAINS STRING .)
    RPAREN          reduce using rule 29 (expression -> target MUTATOR MUTATOR MUTATOR MUTATOR CONTAINS STRING .)


state 100

    (11) expression -> target MUTATOR MUTATOR MUTATOR MUTATOR MUTATOR SWITH STRING .

    OR              reduce using rule 11 (expression -> target MUTATOR MUTATOR MUTATOR MUTATOR MUTATOR SWITH STRING .)
    AND             reduce using rule 11 (expression -> target MUTATOR MUTATOR MUTATOR MUTATOR MUTATOR SWITH STRING .)
    $end            reduce using rule 11 (expression -> target MUTATOR MUTATOR MUTATOR MUTATOR MUTATOR SWITH STRING .)
    RPAREN          reduce using rule 11 (expression -> target MUTATOR MUTATOR MUTATOR MUTATOR MUTATOR SWITH STRING .)


state 101

    (17) expression -> target MUTATOR MUTATOR MUTATOR MUTATOR MUTATOR EWITH STRING .

    OR              reduce using rule 17 (expression -> target MUTATOR MUTATOR MUTATOR MUTATOR MUTATOR EWITH STRING .)
    AND             reduce using rule 17 (expression -> target MUTATOR MUTATOR MUTATOR MUTATOR MUTATOR EWITH STRING .)
    $end            reduce using rule 17 (expression -> target MUTATOR MUTATOR MUTATOR MUTATOR MUTATOR EWITH STRING .)
    RPAREN          reduce using rule 17 (expression -> target MUTATOR MUTATOR MUTATOR MUTATOR MUTATOR EWITH STRING .)


state 102

    (23) expression -> target MUTATOR MUTATOR MUTATOR MUTATOR MUTATOR EQUALS STRING .

    OR              reduce using rule 23 (expression -> target MUTATOR MUTATOR MUTATOR MUTATOR MUTATOR EQUALS STRING .)
    AND             reduce using rule 23 (expression -> target MUTATOR MUTATOR MUTATOR MUTATOR MUTATOR EQUALS STRING .)
    $end            reduce using rule 23 (expression -> target MUTATOR MUTATOR MUTATOR MUTATOR MUTATOR EQUALS STRING .)
    RPAREN          reduce using rule 23 (expression -> target MUTATOR MUTATOR MUTATOR MUTATOR MUTATOR EQUALS STRING .)


state 103

    (30) expression -> target MUTATOR MUTATOR MUTATOR MUTATOR MUTATOR CONTAINS STRING .

    OR              reduce using rule 30 (expression -> target MUTATOR MUTATOR MUTATOR MUTATOR MUTATOR CONTAINS STRING .)
    AND             reduce using rule 30 (expression -> target MUTATOR MUTATOR MUTATOR MUTATOR MUTATOR CONTAINS STRING .)
    $end            reduce using rule 30 (expression -> target MUTATOR MUTATOR MUTATOR MUTATOR MUTATOR CONTAINS STRING .)
    RPAREN          reduce using rule 30 (expression -> target MUTATOR MUTATOR MUTATOR MUTATOR MUTATOR CONTAINS STRING .)

